Engine: Init
PlatformSystem: Init
SceneSystem: Init
Engine: Update
Asteroids: Load
Asteroids: Init
Asteroids: Update
Engine: Render
Asteroids: Render
Engine: Update
Asteroids: Update
Engine: Render
Asteroids: Render
Engine: Update
Asteroids: Update
Engine: Render
Asteroids: Render
Engine: Update
Asteroids: Update
Engine: Render
Asteroids: Render
Engine: Update
Asteroids: Update
Engine: Render
Asteroids: Render
Engine: Update
Asteroids: Update
Engine: Render
Asteroids: Render
Engine: Update
Asteroids: Update
Engine: Render
Asteroids: Render
Engine: Update
Asteroids: Update
Engine: Render
Asteroids: Render
Engine: Update
Asteroids: Update
Engine: Render
Asteroids: Render
Engine: Update
Asteroids: Update
Engine: Render
Asteroids: Render
Engine: Update
Asteroids: Update
Engine: Render
Asteroids: Render
Engine: Update
Asteroids: Update
Engine: Render
Asteroids: Render
Engine: Update
Asteroids: Update
Engine: Render
Asteroids: Render
Engine: Update
Asteroids: Update
Engine: Render
Asteroids: Render
Engine: Update
Asteroids: Update
Engine: Render
Asteroids: Render
Engine: Update
Asteroids: Update
Engine: Render
Asteroids: Render
Engine: Update
Asteroids: Update
Engine: Render
Asteroids: Render
Engine: Update
Asteroids: Update
Engine: Render
Asteroids: Render
Engine: Update
Asteroids: Update
Engine: Render
Asteroids: Render
Engine: Update
Asteroids: Update
Engine: Render
Asteroids: Render
Engine: Update
Asteroids: Update
Engine: Render
Asteroids: Render
Engine: Update
Asteroids: Update
Engine: Render
Asteroids: Render
Engine: Update
Asteroids: Update
Engine: Render
Asteroids: Render
Engine: Update
Asteroids: Update
Engine: Render
Asteroids: Render
Engine: Update
Asteroids: Update
Engine: Render
Asteroids: Render
Engine: Update
Asteroids: Update
Engine: Render
Asteroids: Render
Engine: Update
Asteroids: Update
Engine: Render
Asteroids: Render
Engine: Update
Asteroids: Update
Engine: Render
Asteroids: Render
Engine: Update
Asteroids: Update
Engine: Render
Asteroids: Render
Engine: Update
Asteroids: Update
Engine: Render
Asteroids: Render
Engine: Update
Asteroids: Update
Engine: Render
Asteroids: Render
Engine: Update
Asteroids: Update
Engine: Render
Asteroids: Render
Engine: Update
Asteroids: Update
Engine: Render
Asteroids: Render
Engine: Update
Asteroids: Update
Engine: Render
Asteroids: Render
Engine: Update
Asteroids: Update
Engine: Render
Asteroids: Render
Engine: Update
Asteroids: Update
Engine: Render
Asteroids: Render
Engine: Update
Asteroids: Update
Engine: Render
Asteroids: Render
Engine: Update
Asteroids: Update
Engine: Render
Asteroids: Render
Engine: Update
Asteroids: Update
Engine: Render
Asteroids: Render
Engine: Update
Asteroids: Update
Engine: Render
Asteroids: Render
Engine: Update
Asteroids: Update
Engine: Render
Asteroids: Render
Engine: Update
Asteroids: Update
Engine: Render
Asteroids: Render
Engine: Update
Asteroids: Update
Engine: Render
Asteroids: Render
Engine: Update
Asteroids: Update
Engine: Render
Asteroids: Render
Engine: Update
Asteroids: Update
Engine: Render
Asteroids: Render
Engine: Update
Asteroids: Update
Engine: Render
Asteroids: Render
Engine: Update
Asteroids: Update
Engine: Render
Asteroids: Render
Engine: Update
Asteroids: Update
Engine: Render
Asteroids: Render
Engine: Update
Asteroids: Update
Engine: Render
Asteroids: Render
Engine: Update
Asteroids: Exit
Asteroids: Unload
Engine: Render
Engine: Exit
SceneSystem: Exit
PlatformSystem: Exit
